<?xml version="1.0" encoding="UTF-8"?>
<!-- Generated by org.testng.reporters.JUnitXMLReporter -->
<testsuite ignored="0" hostname="DESKTOP-4M1OB9K" failures="1" tests="1" name="Registration Error Validations Test" time="4.512" errors="0" timestamp="2024-07-07T12:18:50 IST">
  <testcase classname="AutomationProjects.Tests.RegistrationTests" name="VerifyFirstNameErrorMessage" time="0.447">
    <failure type="java.lang.AssertionError" message="expected [*First Name iss required] but found [*First Name is required]">
      <![CDATA[java.lang.AssertionError: expected [*First Name iss required] but found [*First Name is required]
at AutomationProjects.Tests.RegistrationTests.VerifyFirstNameErrorMessage(RegistrationTests.java:16)
at java.base/java.util.ArrayList.forEach(ArrayList.java:1511)
... Removed 33 stack frames]]>
    </failure>
  </testcase> <!-- VerifyFirstNameErrorMessage -->
</testsuite> <!-- Registration Error Validations Test -->
